2025-08-05 10:39:40,958 - AutoTrader_user_1 - INFO - AutoTrader instance initialized for user_1
2025-08-05 10:39:40,962 - AutoTrader_user_1 - INFO - AutoTrader instance initialized for user_1
2025-08-05 10:39:40,962 - AutoTrader_user_1 - INFO - AutoTrader instance initialized for user_1
2025-08-05 10:39:40,969 - AutoTrader_user_1 - INFO - Auto trading enabled for user 1
2025-08-05 10:39:40,969 - AutoTrader_user_1 - INFO - Auto trading enabled for user 1
2025-08-05 10:39:40,976 - AutoTrader_user_1 - INFO - Auto trading started for DOT_USDT
2025-08-05 10:39:40,976 - AutoTrader_user_1 - INFO - Auto trading started for DOT_USDT
2025-08-05 10:39:45,386 - AutoTrader_user_1 - WARNING - No market data available for DOT_USDT
2025-08-05 10:39:45,386 - AutoTrader_user_1 - WARNING - No market data available for DOT_USDT
2025-08-05 10:39:52,160 - AutoTrader_user_1 - INFO - Auto trading disabled for user 1
2025-08-05 10:39:52,160 - AutoTrader_user_1 - INFO - Auto trading disabled for user 1
2025-08-05 10:39:57,168 - AutoTrader_user_1 - INFO - Auto trading stopped
2025-08-05 10:39:57,168 - AutoTrader_user_1 - INFO - Auto trading stopped
2025-08-05 10:39:57,485 - AutoTrader_user_1 - INFO - Auto trading disabled for user 1
2025-08-05 10:39:57,485 - AutoTrader_user_1 - INFO - Auto trading disabled for user 1
2025-08-08 04:21:38,486 - AutoTrader_user_1 - INFO - AutoTrader instance initialized for user_1
2025-08-08 04:21:38,487 - AutoTrader_user_1 - INFO - AutoTrader instance initialized for user_1
2025-08-08 04:21:38,487 - AutoTrader_user_1 - INFO - AutoTrader instance initialized for user_1
2025-08-08 04:21:38,489 - AutoTrader_user_1 - INFO - Auto trading enabled for user 1
2025-08-08 04:21:38,489 - AutoTrader_user_1 - INFO - Auto trading enabled for user 1
2025-08-08 04:21:38,611 - AutoTrader_user_1 - INFO - Auto trading started for BTC_USDT
2025-08-08 04:21:38,611 - AutoTrader_user_1 - INFO - Auto trading started for BTC_USDT
2025-08-08 04:21:42,220 - AutoTrader_user_1 - INFO - AutoTrader instance initialized for user_1
2025-08-08 04:21:42,220 - AutoTrader_user_1 - INFO - AutoTrader instance initialized for user_1
2025-08-08 04:21:42,220 - AutoTrader_user_1 - INFO - AutoTrader instance initialized for user_1
2025-08-08 04:21:42,231 - AutoTrader_user_1 - INFO - Auto trading enabled for user 1
2025-08-08 04:21:42,231 - AutoTrader_user_1 - INFO - Auto trading enabled for user 1
2025-08-08 04:21:42,231 - AutoTrader_user_1 - INFO - Auto trading enabled for user 1
2025-08-08 04:21:42,280 - AutoTrader_user_1 - INFO - Auto trading disabled for user 1
2025-08-08 04:21:42,280 - AutoTrader_user_1 - INFO - Auto trading disabled for user 1
2025-08-08 04:21:42,280 - AutoTrader_user_1 - INFO - Auto trading disabled for user 1
2025-08-08 04:21:47,328 - AutoTrader_user_1 - INFO - Auto trading stopped
2025-08-08 04:21:47,328 - AutoTrader_user_1 - INFO - Auto trading stopped
2025-08-08 04:21:47,328 - AutoTrader_user_1 - INFO - Auto trading stopped
2025-08-08 04:27:03,774 - AutoTrader_user_1 - INFO - AutoTrader instance initialized for user_1
2025-08-08 04:27:03,776 - AutoTrader_user_1 - INFO - AutoTrader instance initialized for user_1
2025-08-08 04:27:03,776 - AutoTrader_user_1 - INFO - AutoTrader instance initialized for user_1
2025-08-08 04:27:03,778 - AutoTrader_user_1 - INFO - Auto trading enabled for user 1
2025-08-08 04:27:03,778 - AutoTrader_user_1 - INFO - Auto trading enabled for user 1
2025-08-08 04:27:03,821 - AutoTrader_user_1 - INFO - Auto trading started for BTC_USDT
2025-08-08 04:27:03,821 - AutoTrader_user_1 - INFO - Auto trading started for BTC_USDT
2025-08-08 04:27:05,546 - AutoTrader_user_1 - INFO - Auto trading disabled for user 1
2025-08-08 04:27:05,546 - AutoTrader_user_1 - INFO - Auto trading disabled for user 1
2025-08-08 04:27:10,591 - AutoTrader_user_1 - INFO - Auto trading stopped
2025-08-08 04:27:10,591 - AutoTrader_user_1 - INFO - Auto trading stopped
2025-08-08 04:29:07,610 - AutoTrader_user_1 - INFO - Auto trading disabled for user 1
2025-08-08 04:29:07,610 - AutoTrader_user_1 - INFO - Auto trading disabled for user 1
2025-08-08 04:29:08,168 - AutoTrader_user_1 - INFO - Auto trading disabled for user 1
2025-08-08 04:29:08,168 - AutoTrader_user_1 - INFO - Auto trading disabled for user 1
2025-08-08 04:29:18,518 - AutoTrader_user_1 - INFO - AutoTrader instance initialized for user_1
2025-08-08 04:29:18,518 - AutoTrader_user_1 - INFO - AutoTrader instance initialized for user_1
2025-08-08 04:29:18,518 - AutoTrader_user_1 - INFO - AutoTrader instance initialized for user_1
2025-08-08 04:29:18,520 - AutoTrader_user_1 - INFO - Auto trading enabled for user 1
2025-08-08 04:29:18,520 - AutoTrader_user_1 - INFO - Auto trading enabled for user 1
2025-08-08 04:29:18,520 - AutoTrader_user_1 - INFO - Auto trading enabled for user 1
2025-08-08 04:29:18,557 - AutoTrader_user_1 - INFO - Auto trading started for BTC_USDT
2025-08-08 04:29:18,557 - AutoTrader_user_1 - INFO - Auto trading started for BTC_USDT
2025-08-08 04:29:18,557 - AutoTrader_user_1 - INFO - Auto trading started for BTC_USDT
2025-08-08 04:29:19,928 - AutoTrader_user_1 - INFO - AutoTrader instance initialized for user_1
2025-08-08 04:29:19,928 - AutoTrader_user_1 - INFO - AutoTrader instance initialized for user_1
2025-08-08 04:29:19,928 - AutoTrader_user_1 - INFO - AutoTrader instance initialized for user_1
2025-08-08 04:29:19,928 - AutoTrader_user_1 - INFO - AutoTrader instance initialized for user_1
2025-08-08 04:29:19,944 - AutoTrader_user_1 - INFO - Auto trading enabled for user 1
2025-08-08 04:29:19,944 - AutoTrader_user_1 - INFO - Auto trading enabled for user 1
2025-08-08 04:29:19,944 - AutoTrader_user_1 - INFO - Auto trading enabled for user 1
2025-08-08 04:29:19,944 - AutoTrader_user_1 - INFO - Auto trading enabled for user 1
2025-08-08 04:29:23,139 - AutoTrader_user_1 - INFO - Auto trading disabled for user 1
2025-08-08 04:29:23,139 - AutoTrader_user_1 - INFO - Auto trading disabled for user 1
2025-08-08 04:29:23,139 - AutoTrader_user_1 - INFO - Auto trading disabled for user 1
2025-08-08 04:29:23,139 - AutoTrader_user_1 - INFO - Auto trading disabled for user 1
2025-08-08 04:29:28,195 - AutoTrader_user_1 - INFO - Auto trading stopped
2025-08-08 04:29:28,195 - AutoTrader_user_1 - INFO - Auto trading stopped
2025-08-08 04:29:28,195 - AutoTrader_user_1 - INFO - Auto trading stopped
2025-08-08 04:29:28,195 - AutoTrader_user_1 - INFO - Auto trading stopped
2025-08-08 04:34:35,239 - AutoTrader_user_1 - INFO - AutoTrader instance initialized for user_1
2025-08-08 04:34:35,314 - AutoTrader_user_1 - INFO - Trading pair changed from BTC_USDT to ETH_USDT
2025-08-08 04:34:50,351 - AutoTrader_user_1 - INFO - Trading pair changed from ETH_USDT to ETH_USDT
2025-08-08 04:37:03,687 - AutoTrader_user_1 - INFO - Trading pair changed from ETH_USDT to ETH_USDT
2025-08-08 04:37:44,956 - AutoTrader_user_1 - INFO - AutoTrader instance initialized for user_1
2025-08-08 04:37:45,003 - AutoTrader_user_1 - INFO - Trading pair changed from ETH_USDT to DOT_USDT
2025-08-08 04:38:13,536 - AutoTrader_user_1 - INFO - Trading pair changed from DOT_USDT to ETH_USDT
2025-08-08 04:38:36,298 - AutoTrader_user_1 - INFO - Trading pair changed from ETH_USDT to DOT_USDT
2025-08-08 04:38:59,035 - AutoTrader_user_1 - INFO - Trading pair changed from DOT_USDT to ETH_USDT
